<?xml version="1.0" encoding="UTF-8"?>
<!-- Generated by org.testng.reporters.JUnitXMLReporter -->
<testsuite ignored="0" hostname="DESKTOP-2PDTMJ5" failures="1" tests="2" name="Test" time="5.778" errors="0" timestamp="2024-09-13T14:02:53 MDT">
  <testcase classname="betabatch.RegistrationTests" name="validateRegister" time="5.712"/>
  <testcase classname="betabatch.RegistrationTests" name="validateSendMessagesFunc" time="0.0">
    <failure type="org.testng.TestNGException" message="
Cannot inject @Test annotated Method [validateSendMessagesFunc] with [class java.lang.String, class java.lang.String, class java.lang.String].
For more information on native dependency injection please refer to https://testng.org/doc/documentation-main.html#native-dependency-injection">
      <![CDATA[org.testng.TestNGException: 
Cannot inject @Test annotated Method [validateSendMessagesFunc] with [class java.lang.String, class java.lang.String, class java.lang.String].
For more information on native dependency injection please refer to https://testng.org/doc/documentation-main.html#native-dependency-injection
at java.base/java.util.ArrayList.forEach(ArrayList.java:1511)
... Removed 26 stack frames]]>
    </failure>
  </testcase> <!-- validateSendMessagesFunc -->
</testsuite> <!-- Test -->
